# JRE version: Java(TM) SE Runtime Environment (8.0_212-b10) (build 1.8.0_212-b10)
# Java VM: Java HotSpot(TM) 64-Bit Server VM (25.212-b10 mixed mode bsd-amd64 compressed oops)
Heap:
 PSYoungGen      total 241664K, used 23669K [0x0000000795580000, 0x00000007a7880000, 0x00000007c0000000)
  eden space 223232K, 10% used [0x0000000795580000,0x0000000796c9d7d8,0x00000007a2f80000)
  from space 18432K, 0% used [0x00000007a2f80000,0x00000007a2f80000,0x00000007a4180000)
  to   space 18432K, 0% used [0x00000007a6680000,0x00000007a6680000,0x00000007a7880000)
 ParOldGen       total 126464K, used 24475K [0x0000000740000000, 0x0000000747b80000, 0x0000000795580000)
  object space 126464K, 19% used [0x0000000740000000,0x00000007417e6df8,0x0000000747b80000)
 Metaspace       used 57225K, capacity 59696K, committed 60200K, reserved 1101824K
  class space    used 7953K, capacity 8435K, committed 8488K, reserved 1048576K
GC Heap History (10 events):
Event: 22.027 GC heap before
{Heap before GC invocations=10 (full 1):
 PSYoungGen      total 183808K, used 151011K [0x0000000795580000, 0x00000007a3a80000, 0x00000007c0000000)
  eden space 172032K, 80% used [0x0000000795580000,0x000000079dd79318,0x000000079fd80000)
  from space 11776K, 99% used [0x00000007a0b00000,0x00000007a167fc10,0x00000007a1680000)
  to   space 13824K, 0% used [0x000000079fd80000,0x000000079fd80000,0x00000007a0b00000)
 ParOldGen       total 54784K, used 9342K [0x0000000740000000, 0x0000000743580000, 0x0000000795580000)
  object space 54784K, 17% used [0x0000000740000000,0x000000074091f8b8,0x0000000743580000)
 Metaspace       used 33386K, capacity 35466K, committed 35496K, reserved 1079296K
  class space    used 4597K, capacity 5004K, committed 5032K, reserved 1048576K
Event: 22.065 GC heap after
Heap after GC invocations=10 (full 1):
 PSYoungGen      total 185856K, used 12147K [0x0000000795580000, 0x00000007a5380000, 0x00000007c0000000)
  eden space 172032K, 0% used [0x0000000795580000,0x0000000795580000,0x000000079fd80000)
  from space 13824K, 87% used [0x000000079fd80000,0x00000007a095cf20,0x00000007a0b00000)
  to   space 14848K, 0% used [0x00000007a4500000,0x00000007a4500000,0x00000007a5380000)
 ParOldGen       total 54784K, used 10291K [0x0000000740000000, 0x0000000743580000, 0x0000000795580000)
  object space 54784K, 18% used [0x0000000740000000,0x0000000740a0ccc0,0x0000000743580000)
 Metaspace       used 33386K, capacity 35466K, committed 35496K, reserved 1079296K
  class space    used 4597K, capacity 5004K, committed 5032K, reserved 1048576K
}
Event: 22.065 GC heap before
{Heap before GC invocations=11 (full 2):
 PSYoungGen      total 185856K, used 12147K [0x0000000795580000, 0x00000007a5380000, 0x00000007c0000000)
  eden space 172032K, 0% used [0x0000000795580000,0x0000000795580000,0x000000079fd80000)
  from space 13824K, 87% used [0x000000079fd80000,0x00000007a095cf20,0x00000007a0b00000)
  to   space 14848K, 0% used [0x00000007a4500000,0x00000007a4500000,0x00000007a5380000)
 ParOldGen       total 54784K, used 10291K [0x0000000740000000, 0x0000000743580000, 0x0000000795580000)
  object space 54784K, 18% used [0x0000000740000000,0x0000000740a0ccc0,0x0000000743580000)
 Metaspace       used 33386K, capacity 35466K, committed 35496K, reserved 1079296K
  class space    used 4597K, capacity 5004K, committed 5032K, reserved 1048576K
Event: 22.742 GC heap after
Heap after GC invocations=11 (full 2):
 PSYoungGen      total 185856K, used 0K [0x0000000795580000, 0x00000007a5380000, 0x00000007c0000000)
  eden space 172032K, 0% used [0x0000000795580000,0x0000000795580000,0x000000079fd80000)
  from space 13824K, 0% used [0x000000079fd80000,0x000000079fd80000,0x00000007a0b00000)
  to   space 14848K, 0% used [0x00000007a4500000,0x00000007a4500000,0x00000007a5380000)
 ParOldGen       total 89088K, used 16605K [0x0000000740000000, 0x0000000745700000, 0x0000000795580000)
  object space 89088K, 18% used [0x0000000740000000,0x0000000741037660,0x0000000745700000)
 Metaspace       used 33386K, capacity 35466K, committed 35496K, reserved 1079296K
  class space    used 4597K, capacity 5004K, committed 5032K, reserved 1048576K
}
Event: 36.429 GC heap before
{Heap before GC invocations=12 (full 2):
 PSYoungGen      total 185856K, used 172032K [0x0000000795580000, 0x00000007a5380000, 0x00000007c0000000)
  eden space 172032K, 100% used [0x0000000795580000,0x000000079fd80000,0x000000079fd80000)
  from space 13824K, 0% used [0x000000079fd80000,0x000000079fd80000,0x00000007a0b00000)
  to   space 14848K, 0% used [0x00000007a4500000,0x00000007a4500000,0x00000007a5380000)
 ParOldGen       total 89088K, used 16605K [0x0000000740000000, 0x0000000745700000, 0x0000000795580000)
  object space 89088K, 18% used [0x0000000740000000,0x0000000741037660,0x0000000745700000)
 Metaspace       used 52110K, capacity 54438K, committed 54952K, reserved 1095680K
  class space    used 7320K, capacity 7766K, committed 7848K, reserved 1048576K
Event: 36.480 GC heap after
Heap after GC invocations=12 (full 2):
 PSYoungGen      total 228864K, used 14836K [0x0000000795580000, 0x00000007a5380000, 0x00000007c0000000)
  eden space 214016K, 0% used [0x0000000795580000,0x0000000795580000,0x00000007a2680000)
  from space 14848K, 99% used [0x00000007a4500000,0x00000007a537d3d8,0x00000007a5380000)
  to   space 18432K, 0% used [0x00000007a2f80000,0x00000007a2f80000,0x00000007a4180000)
 ParOldGen       total 89088K, used 20993K [0x0000000740000000, 0x0000000745700000, 0x0000000795580000)
  object space 89088K, 23% used [0x0000000740000000,0x0000000741480510,0x0000000745700000)
 Metaspace       used 52110K, capacity 54438K, committed 54952K, reserved 1095680K
  class space    used 7320K, capacity 7766K, committed 7848K, reserved 1048576K
}
Event: 40.534 GC heap before
{Heap before GC invocations=13 (full 2):
 PSYoungGen      total 228864K, used 58424K [0x0000000795580000, 0x00000007a5380000, 0x00000007c0000000)
  eden space 214016K, 20% used [0x0000000795580000,0x0000000798010ef0,0x00000007a2680000)
  from space 14848K, 99% used [0x00000007a4500000,0x00000007a537d3d8,0x00000007a5380000)
  to   space 18432K, 0% used [0x00000007a2f80000,0x00000007a2f80000,0x00000007a4180000)
 ParOldGen       total 89088K, used 20993K [0x0000000740000000, 0x0000000745700000, 0x0000000795580000)
  object space 89088K, 23% used [0x0000000740000000,0x0000000741480510,0x0000000745700000)
 Metaspace       used 56392K, capacity 58764K, committed 59160K, reserved 1099776K
  class space    used 7826K, capacity 8261K, committed 8360K, reserved 1048576K
Event: 40.563 GC heap after
Heap after GC invocations=13 (full 2):
 PSYoungGen      total 241664K, used 4700K [0x0000000795580000, 0x00000007a7880000, 0x00000007c0000000)
  eden space 223232K, 0% used [0x0000000795580000,0x0000000795580000,0x00000007a2f80000)
  from space 18432K, 25% used [0x00000007a2f80000,0x00000007a3417318,0x00000007a4180000)
  to   space 18432K, 0% used [0x00000007a6680000,0x00000007a6680000,0x00000007a7880000)
 ParOldGen       total 89088K, used 27432K [0x0000000740000000, 0x0000000745700000, 0x0000000795580000)
  object space 89088K, 30% used [0x0000000740000000,0x0000000741aca188,0x0000000745700000)
 Metaspace       used 56392K, capacity 58764K, committed 59160K, reserved 1099776K
  class space    used 7826K, capacity 8261K, committed 8360K, reserved 1048576K
}
Event: 40.563 GC heap before
{Heap before GC invocations=14 (full 3):
 PSYoungGen      total 241664K, used 4700K [0x0000000795580000, 0x00000007a7880000, 0x00000007c0000000)
  eden space 223232K, 0% used [0x0000000795580000,0x0000000795580000,0x00000007a2f80000)
  from space 18432K, 25% used [0x00000007a2f80000,0x00000007a3417318,0x00000007a4180000)
  to   space 18432K, 0% used [0x00000007a6680000,0x00000007a6680000,0x00000007a7880000)
 ParOldGen       total 89088K, used 27432K [0x0000000740000000, 0x0000000745700000, 0x0000000795580000)
  object space 89088K, 30% used [0x0000000740000000,0x0000000741aca188,0x0000000745700000)
 Metaspace       used 56392K, capacity 58764K, committed 59160K, reserved 1099776K
  class space    used 7826K, capacity 8261K, committed 8360K, reserved 1048576K
Event: 41.127 GC heap after
Heap after GC invocations=14 (full 3):
 PSYoungGen      total 241664K, used 0K [0x0000000795580000, 0x00000007a7880000, 0x00000007c0000000)
  eden space 223232K, 0% used [0x0000000795580000,0x0000000795580000,0x00000007a2f80000)
  from space 18432K, 0% used [0x00000007a2f80000,0x00000007a2f80000,0x00000007a4180000)
  to   space 18432K, 0% used [0x00000007a6680000,0x00000007a6680000,0x00000007a7880000)
 ParOldGen       total 126464K, used 24475K [0x0000000740000000, 0x0000000747b80000, 0x0000000795580000)
  object space 126464K, 19% used [0x0000000740000000,0x00000007417e6df8,0x0000000747b80000)
 Metaspace       used 56392K, capacity 58764K, committed 59160K, reserved 1099776K
  class space    used 7826K, capacity 8261K, committed 8360K, reserved 1048576K
}

